<?xml version="1.0" encoding="UTF-8"?>
<!-- Generated by org.testng.reporters.JUnitReportReporter -->
<testsuite skipped="0" hostname="DBHOMEHP" name="com.tutorialsninja.demo.testuit.HomePageTest" tests="1" failures="0" timestamp="2022-12-14T00:16:11 GMT" time="6.289" errors="0">
  <testcase name="verifyUserShouldNavigateToDesktopsPageSuccessfully" time="6.289" classname="com.tutorialsninja.demo.testuit.HomePageTest"/>
  <system-out>
    <![CDATA[mouse hover and click on desktop[[ChromeDriver: chrome on WINDOWS (e827fcaa074c7e423519f610fb8a178d)] -> link text: Desktops]
verify desktop text[[ChromeDriver: chrome on WINDOWS (e827fcaa074c7e423519f610fb8a178d)] -> xpath: //h2[contains(text(),'Desktops')]]]]>
  </system-out>
</testsuite> <!-- com.tutorialsninja.demo.testuit.HomePageTest -->
