<?xml version="1.0" encoding="UTF-8"?>
<!-- Generated by org.testng.reporters.JUnitReportReporter -->
<testsuite skipped="0" hostname="DBHOMEHP" name="com.tutorialsninja.demo.testuit.LaptopsAndNotebooksPageTest" tests="1" failures="0" timestamp="2022-12-14T00:16:11 GMT" time="4.892" errors="0">
  <testcase name="verifyProductsPriceDisplayHighToLowSuccessfully" time="4.892" classname="com.tutorialsninja.demo.testuit.LaptopsAndNotebooksPageTest"/>
  <system-out>
    <![CDATA[laptop and notebooks[[ChromeDriver: chrome on WINDOWS (732d17322df46f6f97ac8833087a8d00)] -> link text: Laptops & Notebooks]]]>
  </system-out>
</testsuite> <!-- com.tutorialsninja.demo.testuit.LaptopsAndNotebooksPageTest -->
